<?xml version="1.0" encoding="UTF-8"?>
<testng-results skipped="0" failed="0" total="3" passed="3">
  <reporter-output>
  </reporter-output>
  <suite name="Default suite" duration-ms="73" started-at="2016-07-20T18:42:52Z" finished-at="2016-07-20T18:42:52Z">
    <groups>
    </groups>
    <test name="Default test" duration-ms="73" started-at="2016-07-20T18:42:52Z" finished-at="2016-07-20T18:42:52Z">
      <class name="day8.TestngIntro1">
        <test-method status="PASS" signature="login()[pri:0, instance:day8.TestngIntro1@880ec60]" name="login" is-config="true" duration-ms="14" started-at="2016-07-21T00:12:52Z" finished-at="2016-07-21T00:12:52Z">
          <reporter-output>
          </reporter-output>
        </test-method> <!-- login -->
        <test-method status="PASS" signature="checkmail(java.lang.Object, java.lang.Object)[pri:0, instance:day8.TestngIntro1@880ec60]" name="checkmail" duration-ms="10" started-at="2016-07-21T00:12:52Z" data-provider="DP" finished-at="2016-07-21T00:12:52Z">
          <params>
            <param index="0">
              <value>
                <![CDATA[USA]]>
              </value>
            </param>
            <param index="1">
              <value>
                <![CDATA[1]]>
              </value>
            </param>
          </params>
          <reporter-output>
          </reporter-output>
        </test-method> <!-- checkmail -->
        <test-method status="PASS" signature="logout()[pri:0, instance:day8.TestngIntro1@880ec60]" name="logout" is-config="true" duration-ms="0" started-at="2016-07-21T00:12:52Z" finished-at="2016-07-21T00:12:52Z">
          <reporter-output>
          </reporter-output>
        </test-method> <!-- logout -->
        <test-method status="PASS" signature="login()[pri:0, instance:day8.TestngIntro1@880ec60]" name="login" is-config="true" duration-ms="0" started-at="2016-07-21T00:12:52Z" finished-at="2016-07-21T00:12:52Z">
          <reporter-output>
          </reporter-output>
        </test-method> <!-- login -->
        <test-method status="PASS" signature="checkmail(java.lang.Object, java.lang.Object)[pri:0, instance:day8.TestngIntro1@880ec60]" name="checkmail" duration-ms="1" started-at="2016-07-21T00:12:52Z" data-provider="DP" finished-at="2016-07-21T00:12:52Z">
          <params>
            <param index="0">
              <value>
                <![CDATA[USA]]>
              </value>
            </param>
            <param index="1">
              <value>
                <![CDATA[1]]>
              </value>
            </param>
          </params>
          <reporter-output>
          </reporter-output>
        </test-method> <!-- checkmail -->
        <test-method status="PASS" signature="logout()[pri:0, instance:day8.TestngIntro1@880ec60]" name="logout" is-config="true" duration-ms="1" started-at="2016-07-21T00:12:52Z" finished-at="2016-07-21T00:12:52Z">
          <reporter-output>
          </reporter-output>
        </test-method> <!-- logout -->
        <test-method status="PASS" signature="login()[pri:0, instance:day8.TestngIntro1@880ec60]" name="login" is-config="true" duration-ms="1" started-at="2016-07-21T00:12:52Z" finished-at="2016-07-21T00:12:52Z">
          <reporter-output>
          </reporter-output>
        </test-method> <!-- login -->
        <test-method status="PASS" signature="checkmail(java.lang.Object, java.lang.Object)[pri:0, instance:day8.TestngIntro1@880ec60]" name="checkmail" duration-ms="1" started-at="2016-07-21T00:12:52Z" data-provider="DP" finished-at="2016-07-21T00:12:52Z">
          <params>
            <param index="0">
              <value>
                <![CDATA[USA]]>
              </value>
            </param>
            <param index="1">
              <value>
                <![CDATA[1]]>
              </value>
            </param>
          </params>
          <reporter-output>
          </reporter-output>
        </test-method> <!-- checkmail -->
        <test-method status="PASS" signature="logout()[pri:0, instance:day8.TestngIntro1@880ec60]" name="logout" is-config="true" duration-ms="0" started-at="2016-07-21T00:12:52Z" finished-at="2016-07-21T00:12:52Z">
          <reporter-output>
          </reporter-output>
        </test-method> <!-- logout -->
      </class> <!-- day8.TestngIntro1 -->
    </test> <!-- Default test -->
  </suite> <!-- Default suite -->
</testng-results>
